<?xml version="1.0" encoding="UTF-8"?>
<!-- Generated by org.testng.reporters.JUnitXMLReporter -->
<testsuite ignored="0" hostname="Mangesh-PC" failures="0" tests="10" name="Test" time="0.315" errors="0" timestamp="01 Apr 2020 03:29:06 GMT">
  <testcase classname="com.PriorityEx.PriorityTest1" name="aa" time="0.025"/>
  <testcase classname="com.PriorityEx.PriorityTest1" name="bb" time="0.026"/>
  <testcase classname="com.PriorityEx.PriorityTest" name="bbb" time="0.016"/>
  <testcase classname="com.PriorityEx.PriorityTest" name="aaa" time="0.028"/>
  <testcase classname="com.PriorityEx.PriorityTest" name="test1" time="0.011"/>
  <testcase classname="com.PriorityEx.PriorityTest1" name="test1" time="0.031"/>
  <testcase classname="com.PriorityEx.PriorityTest1" name="test2" time="0.011"/>
  <testcase classname="com.PriorityEx.PriorityTest" name="test2" time="0.013"/>
  <testcase classname="com.PriorityEx.PriorityTest1" name="test3" time="0.006"/>
  <testcase classname="com.PriorityEx.PriorityTest" name="test3" time="0.01"/>
</testsuite> <!-- Test -->
