<?xml version="1.0" encoding="UTF-8"?>
<testng-results ignored="0" total="10" passed="10" failed="0" skipped="0">
  <reporter-output>
  </reporter-output>
  <suite started-at="2020-04-01T03:29:05Z" name="Suite" finished-at="2020-04-01T03:29:06Z" duration-ms="315">
    <groups>
    </groups>
    <test started-at="2020-04-01T03:29:05Z" name="Test" finished-at="2020-04-01T03:29:06Z" duration-ms="315">
      <class name="com.PriorityEx.PriorityTest1">
        <test-method signature="bb()[pri:-1, instance:com.PriorityEx.PriorityTest1@47987356]" started-at="2020-04-01T03:29:06Z" name="bb" finished-at="2020-04-01T03:29:06Z" duration-ms="26" status="PASS">
          <reporter-output>
          </reporter-output>
        </test-method> <!-- bb -->
        <test-method signature="aa()[pri:-1, instance:com.PriorityEx.PriorityTest1@47987356]" started-at="2020-04-01T03:29:06Z" name="aa" finished-at="2020-04-01T03:29:06Z" duration-ms="25" status="PASS">
          <reporter-output>
          </reporter-output>
        </test-method> <!-- aa -->
        <test-method signature="test1()[pri:1, instance:com.PriorityEx.PriorityTest1@47987356]" started-at="2020-04-01T03:29:06Z" name="test1" finished-at="2020-04-01T03:29:06Z" duration-ms="31" status="PASS">
          <reporter-output>
          </reporter-output>
        </test-method> <!-- test1 -->
        <test-method signature="test2()[pri:2, instance:com.PriorityEx.PriorityTest1@47987356]" started-at="2020-04-01T03:29:06Z" name="test2" finished-at="2020-04-01T03:29:06Z" duration-ms="11" status="PASS">
          <reporter-output>
          </reporter-output>
        </test-method> <!-- test2 -->
        <test-method signature="test3()[pri:3, instance:com.PriorityEx.PriorityTest1@47987356]" started-at="2020-04-01T03:29:06Z" name="test3" finished-at="2020-04-01T03:29:06Z" duration-ms="6" status="PASS">
          <reporter-output>
          </reporter-output>
        </test-method> <!-- test3 -->
      </class> <!-- com.PriorityEx.PriorityTest1 -->
      <class name="com.PriorityEx.PriorityTest">
        <test-method signature="bbb()[pri:-1, instance:com.PriorityEx.PriorityTest@3f6b0be5]" started-at="2020-04-01T03:29:06Z" name="bbb" finished-at="2020-04-01T03:29:06Z" duration-ms="16" status="PASS">
          <reporter-output>
          </reporter-output>
        </test-method> <!-- bbb -->
        <test-method signature="aaa()[pri:-1, instance:com.PriorityEx.PriorityTest@3f6b0be5]" started-at="2020-04-01T03:29:06Z" name="aaa" finished-at="2020-04-01T03:29:06Z" duration-ms="28" status="PASS">
          <reporter-output>
          </reporter-output>
        </test-method> <!-- aaa -->
        <test-method signature="test1()[pri:1, instance:com.PriorityEx.PriorityTest@3f6b0be5]" started-at="2020-04-01T03:29:06Z" name="test1" finished-at="2020-04-01T03:29:06Z" duration-ms="11" status="PASS">
          <reporter-output>
          </reporter-output>
        </test-method> <!-- test1 -->
        <test-method signature="test2()[pri:2, instance:com.PriorityEx.PriorityTest@3f6b0be5]" started-at="2020-04-01T03:29:06Z" name="test2" finished-at="2020-04-01T03:29:06Z" duration-ms="13" status="PASS">
          <reporter-output>
          </reporter-output>
        </test-method> <!-- test2 -->
        <test-method signature="test3()[pri:3, instance:com.PriorityEx.PriorityTest@3f6b0be5]" started-at="2020-04-01T03:29:06Z" name="test3" finished-at="2020-04-01T03:29:06Z" duration-ms="10" status="PASS">
          <reporter-output>
          </reporter-output>
        </test-method> <!-- test3 -->
      </class> <!-- com.PriorityEx.PriorityTest -->
    </test> <!-- Test -->
  </suite> <!-- Suite -->
</testng-results>
